{"level":"info","timestamp":1568304297.0532746,"caller":"sqlite/blog.go:112","message":"create item","item":"id:100 comments:<author:\"anvh2\" content:\"Greate\" > tags:\"Tech\" images:\"/app/demo.png\" "}
{"level":"info","timestamp":1568304297.0534394,"caller":"blog/server.go:90","message":"[Create] create blog","blog":"id:100 comments:<author:\"anvh2\" content:\"Greate\" > commentStr:\"[{\\\"author\\\":\\\"anvh2\\\",\\\"content\\\":\\\"Greate\\\"}]\" tags:\"Tech\" tagStr:\"[\\\"Tech\\\"]\" images:\"/app/demo.png\" imagesStr:\"[\\\"/app/demo.png\\\"]\" "}
{"level":"info","timestamp":1568304366.496639,"caller":"sqlite/blog.go:112","message":"create item","item":"id:100 comments:<author:\"anvh2\" content:\"Greate\" > tags:\"Tech\" images:\"/app/demo.png\" "}
{"level":"error","timestamp":1568304366.496736,"caller":"blog/server.go:82","message":"[Create] failed to create blog","blog":"id:100 comments:<author:\"anvh2\" content:\"Greate\" > commentStr:\"[{\\\"author\\\":\\\"anvh2\\\",\\\"content\\\":\\\"Greate\\\"}]\" tags:\"Tech\" tagStr:\"[\\\"Tech\\\"]\" images:\"/app/demo.png\" imagesStr:\"[\\\"/app/demo.png\\\"]\" ","stacktrace":"github.com/anvh2/be-blog/services/blog.(*Server).Create\n\t/home/han/go/src/github.com/anvh2/be-blog/services/blog/server.go:82\ngithub.com/anvh2/be-blog/grpc-gen/blog._BlogService_Create_Handler\n\t/home/han/go/src/github.com/anvh2/be-blog/grpc-gen/blog/blog.pb.go:709\ngoogle.golang.org/grpc.(*Server).processUnaryRPC\n\t/home/han/go/src/google.golang.org/grpc/server.go:998\ngoogle.golang.org/grpc.(*Server).handleStream\n\t/home/han/go/src/google.golang.org/grpc/server.go:1278\ngoogle.golang.org/grpc.(*Server).serveStreams.func1.1\n\t/home/han/go/src/google.golang.org/grpc/server.go:717"}
{"level":"info","timestamp":1568304907.0918722,"caller":"sqlite/blog.go:112","message":"create item","item":"id:100 comments:<author:\"anvh2\" content:\"Greate\" > tags:\"Tech\" images:\"/app/demo.png\" "}
{"level":"error","timestamp":1568304907.0919611,"caller":"blog/server.go:82","message":"[Create] failed to create blog","blog":"id:100 comments:<author:\"anvh2\" content:\"Greate\" > commentStr:\"[{\\\"author\\\":\\\"anvh2\\\",\\\"content\\\":\\\"Greate\\\"}]\" tags:\"Tech\" tagStr:\"[\\\"Tech\\\"]\" images:\"/app/demo.png\" imagesStr:\"[\\\"/app/demo.png\\\"]\" ","stacktrace":"github.com/anvh2/be-blog/services/blog.(*Server).Create\n\t/home/han/go/src/github.com/anvh2/be-blog/services/blog/server.go:82\ngithub.com/anvh2/be-blog/grpc-gen/blog._BlogService_Create_Handler\n\t/home/han/go/src/github.com/anvh2/be-blog/grpc-gen/blog/blog.pb.go:709\ngoogle.golang.org/grpc.(*Server).processUnaryRPC\n\t/home/han/go/src/google.golang.org/grpc/server.go:998\ngoogle.golang.org/grpc.(*Server).handleStream\n\t/home/han/go/src/google.golang.org/grpc/server.go:1278\ngoogle.golang.org/grpc.(*Server).serveStreams.func1.1\n\t/home/han/go/src/google.golang.org/grpc/server.go:717"}
{"level":"info","timestamp":1568304937.7215595,"caller":"sqlite/blog.go:112","message":"create item","item":"id:100 comments:<author:\"anvh2\" content:\"Greate\" > tags:\"Tech\" images:\"/app/demo.png\" "}
{"level":"error","timestamp":1568304937.7216723,"caller":"blog/server.go:82","message":"[Create] failed to create blog","blog":"id:100 comments:<author:\"anvh2\" content:\"Greate\" > commentStr:\"[{\\\"author\\\":\\\"anvh2\\\",\\\"content\\\":\\\"Greate\\\"}]\" tags:\"Tech\" tagStr:\"[\\\"Tech\\\"]\" images:\"/app/demo.png\" imagesStr:\"[\\\"/app/demo.png\\\"]\" ","stacktrace":"github.com/anvh2/be-blog/services/blog.(*Server).Create\n\t/home/han/go/src/github.com/anvh2/be-blog/services/blog/server.go:82\ngithub.com/anvh2/be-blog/grpc-gen/blog._BlogService_Create_Handler\n\t/home/han/go/src/github.com/anvh2/be-blog/grpc-gen/blog/blog.pb.go:709\ngoogle.golang.org/grpc.(*Server).processUnaryRPC\n\t/home/han/go/src/google.golang.org/grpc/server.go:998\ngoogle.golang.org/grpc.(*Server).handleStream\n\t/home/han/go/src/google.golang.org/grpc/server.go:1278\ngoogle.golang.org/grpc.(*Server).serveStreams.func1.1\n\t/home/han/go/src/google.golang.org/grpc/server.go:717"}
{"level":"info","timestamp":1568305076.787426,"caller":"sqlite/blog.go:112","message":"create item","item":"id:100 comments:<author:\"anvh2\" content:\"Greate\" > tags:\"Tech\" images:\"/app/demo.png\" "}
{"level":"error","timestamp":1568305076.7875018,"caller":"blog/server.go:82","message":"[Create] failed to create blog","blog":"id:100 comments:<author:\"anvh2\" content:\"Greate\" > commentStr:\"[{\\\"author\\\":\\\"anvh2\\\",\\\"content\\\":\\\"Greate\\\"}]\" tags:\"Tech\" tagStr:\"[\\\"Tech\\\"]\" images:\"/app/demo.png\" imagesStr:\"[\\\"/app/demo.png\\\"]\" ","stacktrace":"github.com/anvh2/be-blog/services/blog.(*Server).Create\n\t/home/han/go/src/github.com/anvh2/be-blog/services/blog/server.go:82\ngithub.com/anvh2/be-blog/grpc-gen/blog._BlogService_Create_Handler\n\t/home/han/go/src/github.com/anvh2/be-blog/grpc-gen/blog/blog.pb.go:709\ngoogle.golang.org/grpc.(*Server).processUnaryRPC\n\t/home/han/go/src/google.golang.org/grpc/server.go:998\ngoogle.golang.org/grpc.(*Server).handleStream\n\t/home/han/go/src/google.golang.org/grpc/server.go:1278\ngoogle.golang.org/grpc.(*Server).serveStreams.func1.1\n\t/home/han/go/src/google.golang.org/grpc/server.go:717"}
{"level":"info","timestamp":1568305138.0525086,"caller":"sqlite/blog.go:112","message":"create item","item":"id:100 comments:<author:\"anvh2\" content:\"Greate\" > tags:\"Tech\" images:\"/app/demo.png\" "}
{"level":"error","timestamp":1568305138.0526102,"caller":"blog/server.go:82","message":"[Create] failed to create blog","blog":"id:100 comments:<author:\"anvh2\" content:\"Greate\" > commentStr:\"[{\\\"author\\\":\\\"anvh2\\\",\\\"content\\\":\\\"Greate\\\"}]\" tags:\"Tech\" tagStr:\"[\\\"Tech\\\"]\" images:\"/app/demo.png\" imagesStr:\"[\\\"/app/demo.png\\\"]\" ","stacktrace":"github.com/anvh2/be-blog/services/blog.(*Server).Create\n\t/home/han/go/src/github.com/anvh2/be-blog/services/blog/server.go:82\ngithub.com/anvh2/be-blog/grpc-gen/blog._BlogService_Create_Handler\n\t/home/han/go/src/github.com/anvh2/be-blog/grpc-gen/blog/blog.pb.go:709\ngoogle.golang.org/grpc.(*Server).processUnaryRPC\n\t/home/han/go/src/google.golang.org/grpc/server.go:998\ngoogle.golang.org/grpc.(*Server).handleStream\n\t/home/han/go/src/google.golang.org/grpc/server.go:1278\ngoogle.golang.org/grpc.(*Server).serveStreams.func1.1\n\t/home/han/go/src/google.golang.org/grpc/server.go:717"}
{"level":"info","timestamp":1568305181.1013606,"caller":"sqlite/blog.go:112","message":"create item","item":"id:100 comments:<author:\"anvh2\" content:\"Greate\" > tags:\"Tech\" images:\"/app/demo.png\" "}
{"level":"error","timestamp":1568305181.1014814,"caller":"blog/server.go:82","message":"[Create] failed to create blog","blog":"id:100 comments:<author:\"anvh2\" content:\"Greate\" > commentStr:\"[{\\\"author\\\":\\\"anvh2\\\",\\\"content\\\":\\\"Greate\\\"}]\" tags:\"Tech\" tagStr:\"[\\\"Tech\\\"]\" images:\"/app/demo.png\" imagesStr:\"[\\\"/app/demo.png\\\"]\" ","stacktrace":"github.com/anvh2/be-blog/services/blog.(*Server).Create\n\t/home/han/go/src/github.com/anvh2/be-blog/services/blog/server.go:82\ngithub.com/anvh2/be-blog/grpc-gen/blog._BlogService_Create_Handler\n\t/home/han/go/src/github.com/anvh2/be-blog/grpc-gen/blog/blog.pb.go:709\ngoogle.golang.org/grpc.(*Server).processUnaryRPC\n\t/home/han/go/src/google.golang.org/grpc/server.go:998\ngoogle.golang.org/grpc.(*Server).handleStream\n\t/home/han/go/src/google.golang.org/grpc/server.go:1278\ngoogle.golang.org/grpc.(*Server).serveStreams.func1.1\n\t/home/han/go/src/google.golang.org/grpc/server.go:717"}
{"level":"info","timestamp":1568305413.6254838,"caller":"sqlite/blog.go:112","message":"create item","item":"id:100 comments:<author:\"anvh2\" content:\"Greate\" > tags:\"Tech\" images:\"/app/demo.png\" "}
{"level":"error","timestamp":1568305413.625578,"caller":"blog/server.go:82","message":"[Create] failed to create blog","blog":"id:100 comments:<author:\"anvh2\" content:\"Greate\" > commentStr:\"[{\\\"author\\\":\\\"anvh2\\\",\\\"content\\\":\\\"Greate\\\"}]\" tags:\"Tech\" tagStr:\"[\\\"Tech\\\"]\" images:\"/app/demo.png\" imagesStr:\"[\\\"/app/demo.png\\\"]\" ","stacktrace":"github.com/anvh2/be-blog/services/blog.(*Server).Create\n\t/home/han/go/src/github.com/anvh2/be-blog/services/blog/server.go:82\ngithub.com/anvh2/be-blog/grpc-gen/blog._BlogService_Create_Handler\n\t/home/han/go/src/github.com/anvh2/be-blog/grpc-gen/blog/blog.pb.go:709\ngoogle.golang.org/grpc.(*Server).processUnaryRPC\n\t/home/han/go/src/google.golang.org/grpc/server.go:998\ngoogle.golang.org/grpc.(*Server).handleStream\n\t/home/han/go/src/google.golang.org/grpc/server.go:1278\ngoogle.golang.org/grpc.(*Server).serveStreams.func1.1\n\t/home/han/go/src/google.golang.org/grpc/server.go:717"}
{"level":"info","timestamp":1568305610.750179,"caller":"sqlite/blog.go:112","message":"create item","item":"id:100 comments:<author:\"anvh2\" content:\"Greate\" > tags:\"Tech\" images:\"/app/demo.png\" "}
{"level":"error","timestamp":1568305610.750279,"caller":"blog/server.go:82","message":"[Create] failed to create blog","blog":"id:100 comments:<author:\"anvh2\" content:\"Greate\" > commentStr:\"[{\\\"author\\\":\\\"anvh2\\\",\\\"content\\\":\\\"Greate\\\"}]\" tags:\"Tech\" tagStr:\"[\\\"Tech\\\"]\" images:\"/app/demo.png\" imagesStr:\"[\\\"/app/demo.png\\\"]\" ","stacktrace":"github.com/anvh2/be-blog/services/blog.(*Server).Create\n\t/home/han/go/src/github.com/anvh2/be-blog/services/blog/server.go:82\ngithub.com/anvh2/be-blog/grpc-gen/blog._BlogService_Create_Handler\n\t/home/han/go/src/github.com/anvh2/be-blog/grpc-gen/blog/blog.pb.go:709\ngoogle.golang.org/grpc.(*Server).processUnaryRPC\n\t/home/han/go/src/google.golang.org/grpc/server.go:998\ngoogle.golang.org/grpc.(*Server).handleStream\n\t/home/han/go/src/google.golang.org/grpc/server.go:1278\ngoogle.golang.org/grpc.(*Server).serveStreams.func1.1\n\t/home/han/go/src/google.golang.org/grpc/server.go:717"}
{"level":"info","timestamp":1568305632.562587,"caller":"sqlite/blog.go:112","message":"create item","item":"comments:<author:\"anvh2\" content:\"Greate\" > tags:\"Tech\" images:\"/app/demo.png\" "}
{"level":"info","timestamp":1568305632.5627363,"caller":"blog/server.go:90","message":"[Create] create blog","blog":"id:101 comments:<author:\"anvh2\" content:\"Greate\" > commentStr:\"[{\\\"author\\\":\\\"anvh2\\\",\\\"content\\\":\\\"Greate\\\"}]\" tags:\"Tech\" tagStr:\"[\\\"Tech\\\"]\" images:\"/app/demo.png\" imagesStr:\"[\\\"/app/demo.png\\\"]\" "}
{"level":"info","timestamp":1568305646.0442274,"caller":"sqlite/blog.go:112","message":"create item","item":"comments:<author:\"anvh2\" content:\"Greate\" > tags:\"Tech\" images:\"/app/demo.png\" "}
{"level":"info","timestamp":1568305646.0443845,"caller":"blog/server.go:90","message":"[Create] create blog","blog":"id:102 comments:<author:\"anvh2\" content:\"Greate\" > commentStr:\"[{\\\"author\\\":\\\"anvh2\\\",\\\"content\\\":\\\"Greate\\\"}]\" tags:\"Tech\" tagStr:\"[\\\"Tech\\\"]\" images:\"/app/demo.png\" imagesStr:\"[\\\"/app/demo.png\\\"]\" "}
{"level":"info","timestamp":1568305660.0966356,"caller":"sqlite/blog.go:112","message":"create item","item":"comments:<author:\"anvh2\" content:\"Greate\" > tags:\"Tech\" images:\"/app/demo.png\" "}
{"level":"info","timestamp":1568305660.0968027,"caller":"blog/server.go:90","message":"[Create] create blog","blog":"id:103 comments:<author:\"anvh2\" content:\"Greate\" > commentStr:\"[{\\\"author\\\":\\\"anvh2\\\",\\\"content\\\":\\\"Greate\\\"}]\" tags:\"Tech\" tagStr:\"[\\\"Tech\\\"]\" images:\"/app/demo.png\" imagesStr:\"[\\\"/app/demo.png\\\"]\" "}
{"level":"info","timestamp":1568305660.0988746,"caller":"sqlite/blog.go:127","message":"get item","item":"id:103 commentStr:\"[{\\\"author\\\":\\\"anvh2\\\",\\\"content\\\":\\\"Greate\\\"}]\" tagStr:\"[\\\"Tech\\\"]\" imagesStr:\"[\\\"/app/demo.png\\\"]\" "}
{"level":"info","timestamp":1568306013.5092657,"caller":"sqlite/blog.go:112","message":"create item","item":"comments:<author:\"anvh2\" content:\"Greate\" > tags:\"Tech\" images:\"/app/demo.png\" "}
{"level":"info","timestamp":1568306013.5094519,"caller":"blog/server.go:90","message":"[Create] create blog","blog":"id:104 comments:<author:\"anvh2\" content:\"Greate\" > commentStr:\"[{\\\"author\\\":\\\"anvh2\\\",\\\"content\\\":\\\"Greate\\\"}]\" tags:\"Tech\" tagStr:\"[\\\"Tech\\\"]\" images:\"/app/demo.png\" imagesStr:\"[\\\"/app/demo.png\\\"]\" "}
{"level":"info","timestamp":1568306013.5121756,"caller":"sqlite/blog.go:127","message":"get item","item":"id:104 commentStr:\"[{\\\"author\\\":\\\"anvh2\\\",\\\"content\\\":\\\"Greate\\\"}]\" tagStr:\"[\\\"Tech\\\"]\" imagesStr:\"[\\\"/app/demo.png\\\"]\" "}
{"level":"error","timestamp":1568306013.5131488,"caller":"blog/server.go:150","message":"[Delete] failed to delete blog","id":0,"stacktrace":"github.com/anvh2/be-blog/services/blog.(*Server).Delete\n\t/home/han/go/src/github.com/anvh2/be-blog/services/blog/server.go:150\ngithub.com/anvh2/be-blog/grpc-gen/blog._BlogService_Delete_Handler\n\t/home/han/go/src/github.com/anvh2/be-blog/grpc-gen/blog/blog.pb.go:763\ngoogle.golang.org/grpc.(*Server).processUnaryRPC\n\t/home/han/go/src/google.golang.org/grpc/server.go:998\ngoogle.golang.org/grpc.(*Server).handleStream\n\t/home/han/go/src/google.golang.org/grpc/server.go:1278\ngoogle.golang.org/grpc.(*Server).serveStreams.func1.1\n\t/home/han/go/src/google.golang.org/grpc/server.go:717"}
{"level":"info","timestamp":1568306013.52809,"caller":"sqlite/blog.go:134","message":"update item","item":"status:PULISH comments:<author:\"anvh2\" content:\"Greate\" > tags:\"Tech\" images:\"/app/demo.png\" "}
{"level":"info","timestamp":1568306039.2828355,"caller":"sqlite/blog.go:112","message":"create item","item":"comments:<author:\"anvh2\" content:\"Greate\" > tags:\"Tech\" images:\"/app/demo.png\" "}
{"level":"info","timestamp":1568306039.2829425,"caller":"blog/server.go:90","message":"[Create] create blog","blog":"id:106 comments:<author:\"anvh2\" content:\"Greate\" > commentStr:\"[{\\\"author\\\":\\\"anvh2\\\",\\\"content\\\":\\\"Greate\\\"}]\" tags:\"Tech\" tagStr:\"[\\\"Tech\\\"]\" images:\"/app/demo.png\" imagesStr:\"[\\\"/app/demo.png\\\"]\" "}
{"level":"info","timestamp":1568306039.284666,"caller":"sqlite/blog.go:127","message":"get item","item":"id:106 commentStr:\"[{\\\"author\\\":\\\"anvh2\\\",\\\"content\\\":\\\"Greate\\\"}]\" tagStr:\"[\\\"Tech\\\"]\" imagesStr:\"[\\\"/app/demo.png\\\"]\" "}
{"level":"info","timestamp":1568306039.2857826,"caller":"sqlite/blog.go:127","message":"get item","item":"id:106 commentStr:\"[{\\\"author\\\":\\\"anvh2\\\",\\\"content\\\":\\\"Greate\\\"}]\" tagStr:\"[\\\"Tech\\\"]\" imagesStr:\"[\\\"/app/demo.png\\\"]\" "}
{"level":"info","timestamp":1568306039.2994478,"caller":"sqlite/blog.go:152","message":"delete item","id":106}
{"level":"info","timestamp":1568306039.3162484,"caller":"sqlite/blog.go:134","message":"update item","item":"status:PULISH comments:<author:\"anvh2\" content:\"Greate\" > tags:\"Tech\" images:\"/app/demo.png\" "}
{"level":"info","timestamp":1568306060.27611,"caller":"sqlite/blog.go:112","message":"create item","item":"comments:<author:\"anvh2\" content:\"Greate\" > tags:\"Tech\" images:\"/app/demo.png\" "}
{"level":"info","timestamp":1568306060.2762408,"caller":"blog/server.go:90","message":"[Create] create blog","blog":"id:108 comments:<author:\"anvh2\" content:\"Greate\" > commentStr:\"[{\\\"author\\\":\\\"anvh2\\\",\\\"content\\\":\\\"Greate\\\"}]\" tags:\"Tech\" tagStr:\"[\\\"Tech\\\"]\" images:\"/app/demo.png\" imagesStr:\"[\\\"/app/demo.png\\\"]\" "}
{"level":"info","timestamp":1568306060.278039,"caller":"sqlite/blog.go:127","message":"get item","item":"id:108 commentStr:\"[{\\\"author\\\":\\\"anvh2\\\",\\\"content\\\":\\\"Greate\\\"}]\" tagStr:\"[\\\"Tech\\\"]\" imagesStr:\"[\\\"/app/demo.png\\\"]\" "}
{"level":"info","timestamp":1568306060.2788293,"caller":"sqlite/blog.go:127","message":"get item","item":"id:108 commentStr:\"[{\\\"author\\\":\\\"anvh2\\\",\\\"content\\\":\\\"Greate\\\"}]\" tagStr:\"[\\\"Tech\\\"]\" imagesStr:\"[\\\"/app/demo.png\\\"]\" "}
{"level":"info","timestamp":1568306060.2946885,"caller":"sqlite/blog.go:152","message":"delete item","id":108}
{"level":"info","timestamp":1568306060.3113577,"caller":"sqlite/blog.go:134","message":"update item","item":"status:PULISH comments:<author:\"anvh2\" content:\"Greate\" > tags:\"Tech\" images:\"/app/demo.png\" "}
{"level":"info","timestamp":1568306095.82546,"caller":"sqlite/blog.go:112","message":"create item","item":"comments:<author:\"anvh2\" content:\"Greate\" > tags:\"Tech\" images:\"/app/demo.png\" "}
{"level":"info","timestamp":1568306095.8255825,"caller":"blog/server.go:90","message":"[Create] create blog","blog":"id:110 comments:<author:\"anvh2\" content:\"Greate\" > commentStr:\"[{\\\"author\\\":\\\"anvh2\\\",\\\"content\\\":\\\"Greate\\\"}]\" tags:\"Tech\" tagStr:\"[\\\"Tech\\\"]\" images:\"/app/demo.png\" imagesStr:\"[\\\"/app/demo.png\\\"]\" "}
{"level":"info","timestamp":1568306095.8273318,"caller":"sqlite/blog.go:127","message":"get item","item":"id:110 commentStr:\"[{\\\"author\\\":\\\"anvh2\\\",\\\"content\\\":\\\"Greate\\\"}]\" tagStr:\"[\\\"Tech\\\"]\" imagesStr:\"[\\\"/app/demo.png\\\"]\" "}
{"level":"info","timestamp":1568306095.8284397,"caller":"sqlite/blog.go:127","message":"get item","item":"id:110 commentStr:\"[{\\\"author\\\":\\\"anvh2\\\",\\\"content\\\":\\\"Greate\\\"}]\" tagStr:\"[\\\"Tech\\\"]\" imagesStr:\"[\\\"/app/demo.png\\\"]\" "}
{"level":"info","timestamp":1568306095.8421881,"caller":"sqlite/blog.go:152","message":"delete item","id":110}
{"level":"info","timestamp":1568306095.8634467,"caller":"sqlite/blog.go:134","message":"update item","item":"status:PULISH comments:<author:\"anvh2\" content:\"Greate\" > tags:\"Tech\" images:\"/app/demo.png\" "}
{"level":"info","timestamp":1568306151.9143057,"caller":"sqlite/blog.go:112","message":"create item","item":"comments:<author:\"anvh2\" content:\"Greate\" > tags:\"Tech\" images:\"/app/demo.png\" "}
{"level":"info","timestamp":1568306151.914562,"caller":"blog/server.go:90","message":"[Create] create blog","blog":"id:112 comments:<author:\"anvh2\" content:\"Greate\" > commentStr:\"[{\\\"author\\\":\\\"anvh2\\\",\\\"content\\\":\\\"Greate\\\"}]\" tags:\"Tech\" tagStr:\"[\\\"Tech\\\"]\" images:\"/app/demo.png\" imagesStr:\"[\\\"/app/demo.png\\\"]\" "}
{"level":"info","timestamp":1568306151.917851,"caller":"sqlite/blog.go:127","message":"get item","item":"id:112 commentStr:\"[{\\\"author\\\":\\\"anvh2\\\",\\\"content\\\":\\\"Greate\\\"}]\" tagStr:\"[\\\"Tech\\\"]\" imagesStr:\"[\\\"/app/demo.png\\\"]\" "}
{"level":"info","timestamp":1568306196.1178699,"caller":"sqlite/blog.go:112","message":"create item","item":"comments:<author:\"anvh2\" content:\"Greate\" > tags:\"Tech\" images:\"/app/demo.png\" "}
{"level":"info","timestamp":1568306196.1180065,"caller":"blog/server.go:90","message":"[Create] create blog","blog":"id:113 comments:<author:\"anvh2\" content:\"Greate\" > commentStr:\"[{\\\"author\\\":\\\"anvh2\\\",\\\"content\\\":\\\"Greate\\\"}]\" tags:\"Tech\" tagStr:\"[\\\"Tech\\\"]\" images:\"/app/demo.png\" imagesStr:\"[\\\"/app/demo.png\\\"]\" "}
{"level":"info","timestamp":1568306196.120972,"caller":"sqlite/blog.go:127","message":"get item","item":"id:113 commentStr:\"[{\\\"author\\\":\\\"anvh2\\\",\\\"content\\\":\\\"Greate\\\"}]\" tagStr:\"[\\\"Tech\\\"]\" imagesStr:\"[\\\"/app/demo.png\\\"]\" "}
{"level":"info","timestamp":1568306409.409643,"caller":"sqlite/blog.go:112","message":"create item","item":"comments:<author:\"anvh2\" content:\"Greate\" > tags:\"Tech\" images:\"/app/demo.png\" "}
{"level":"info","timestamp":1568306409.4098344,"caller":"blog/server.go:90","message":"[Create] create blog","blog":"id:1 comments:<author:\"anvh2\" content:\"Greate\" > commentStr:\"[{\\\"author\\\":\\\"anvh2\\\",\\\"content\\\":\\\"Greate\\\"}]\" tags:\"Tech\" tagStr:\"[\\\"Tech\\\"]\" images:\"/app/demo.png\" imagesStr:\"[\\\"/app/demo.png\\\"]\" "}
{"level":"info","timestamp":1568306409.4121013,"caller":"sqlite/blog.go:127","message":"get item","item":"id:1 commentStr:\"[{\\\"author\\\":\\\"anvh2\\\",\\\"content\\\":\\\"Greate\\\"}]\" tagStr:\"[\\\"Tech\\\"]\" imagesStr:\"[\\\"/app/demo.png\\\"]\" "}
{"level":"info","timestamp":1568306409.412205,"caller":"blog/server.go:117","message":"[Get] get blog","blog":"id:1 comments:<author:\"anvh2\" content:\"Greate\" > commentStr:\"[{\\\"author\\\":\\\"anvh2\\\",\\\"content\\\":\\\"Greate\\\"}]\" tags:\"Tech\" tagStr:\"[\\\"Tech\\\"]\" images:\"/app/demo.png\" imagesStr:\"[\\\"/app/demo.png\\\"]\" "}
{"level":"info","timestamp":1568306409.4137006,"caller":"sqlite/blog.go:127","message":"get item","item":"id:1 commentStr:\"[{\\\"author\\\":\\\"anvh2\\\",\\\"content\\\":\\\"Greate\\\"}]\" tagStr:\"[\\\"Tech\\\"]\" imagesStr:\"[\\\"/app/demo.png\\\"]\" "}
{"level":"info","timestamp":1568306409.4279406,"caller":"sqlite/blog.go:152","message":"delete item","id":1}
{"level":"info","timestamp":1568306409.4280198,"caller":"blog/server.go:162","message":"[Delete] delete blog","id":1}
{"level":"info","timestamp":1568306431.3744586,"caller":"sqlite/blog.go:112","message":"create item","item":"comments:<author:\"anvh2\" content:\"Greate\" > tags:\"Tech\" images:\"/app/demo.png\" "}
{"level":"info","timestamp":1568306431.3745966,"caller":"blog/server.go:90","message":"[Create] create blog","blog":"id:2 comments:<author:\"anvh2\" content:\"Greate\" > commentStr:\"[{\\\"author\\\":\\\"anvh2\\\",\\\"content\\\":\\\"Greate\\\"}]\" tags:\"Tech\" tagStr:\"[\\\"Tech\\\"]\" images:\"/app/demo.png\" imagesStr:\"[\\\"/app/demo.png\\\"]\" "}
{"level":"info","timestamp":1568306431.3765593,"caller":"sqlite/blog.go:127","message":"get item","item":"id:2 commentStr:\"[{\\\"author\\\":\\\"anvh2\\\",\\\"content\\\":\\\"Greate\\\"}]\" tagStr:\"[\\\"Tech\\\"]\" imagesStr:\"[\\\"/app/demo.png\\\"]\" "}
{"level":"info","timestamp":1568306431.3766477,"caller":"blog/server.go:117","message":"[Get] get blog","blog":"id:2 comments:<author:\"anvh2\" content:\"Greate\" > commentStr:\"[{\\\"author\\\":\\\"anvh2\\\",\\\"content\\\":\\\"Greate\\\"}]\" tags:\"Tech\" tagStr:\"[\\\"Tech\\\"]\" images:\"/app/demo.png\" imagesStr:\"[\\\"/app/demo.png\\\"]\" "}
{"level":"info","timestamp":1568306431.3780224,"caller":"sqlite/blog.go:127","message":"get item","item":"id:2 commentStr:\"[{\\\"author\\\":\\\"anvh2\\\",\\\"content\\\":\\\"Greate\\\"}]\" tagStr:\"[\\\"Tech\\\"]\" imagesStr:\"[\\\"/app/demo.png\\\"]\" "}
{"level":"info","timestamp":1568306431.3928118,"caller":"sqlite/blog.go:152","message":"delete item","id":2}
{"level":"info","timestamp":1568306431.392875,"caller":"blog/server.go:162","message":"[Delete] delete blog","id":2}
{"level":"info","timestamp":1568306464.0379794,"caller":"sqlite/blog.go:112","message":"create item","item":"comments:<author:\"anvh2\" content:\"Greate\" > tags:\"Tech\" images:\"/app/demo.png\" "}
{"level":"info","timestamp":1568306464.0380905,"caller":"blog/server.go:90","message":"[Create] create blog","blog":"id:3 comments:<author:\"anvh2\" content:\"Greate\" > commentStr:\"[{\\\"author\\\":\\\"anvh2\\\",\\\"content\\\":\\\"Greate\\\"}]\" tags:\"Tech\" tagStr:\"[\\\"Tech\\\"]\" images:\"/app/demo.png\" imagesStr:\"[\\\"/app/demo.png\\\"]\" "}
{"level":"info","timestamp":1568306464.0399191,"caller":"sqlite/blog.go:127","message":"get item","item":"id:3 commentStr:\"[{\\\"author\\\":\\\"anvh2\\\",\\\"content\\\":\\\"Greate\\\"}]\" tagStr:\"[\\\"Tech\\\"]\" imagesStr:\"[\\\"/app/demo.png\\\"]\" "}
{"level":"info","timestamp":1568306464.0399733,"caller":"blog/server.go:117","message":"[Get] get blog","blog":"id:3 comments:<author:\"anvh2\" content:\"Greate\" > commentStr:\"[{\\\"author\\\":\\\"anvh2\\\",\\\"content\\\":\\\"Greate\\\"}]\" tags:\"Tech\" tagStr:\"[\\\"Tech\\\"]\" images:\"/app/demo.png\" imagesStr:\"[\\\"/app/demo.png\\\"]\" "}
{"level":"info","timestamp":1568306464.0408947,"caller":"sqlite/blog.go:127","message":"get item","item":"id:3 commentStr:\"[{\\\"author\\\":\\\"anvh2\\\",\\\"content\\\":\\\"Greate\\\"}]\" tagStr:\"[\\\"Tech\\\"]\" imagesStr:\"[\\\"/app/demo.png\\\"]\" "}
{"level":"info","timestamp":1568306464.0588202,"caller":"sqlite/blog.go:152","message":"delete item","id":3}
{"level":"info","timestamp":1568306464.058877,"caller":"blog/server.go:162","message":"[Delete] delete blog","id":3}
{"level":"info","timestamp":1568306464.0728576,"caller":"sqlite/blog.go:134","message":"update item","item":"status:PUBLISH comments:<author:\"anvh2\" content:\"Greate\" > tags:\"Tech\" images:\"/app/demo.png\" "}
{"level":"info","timestamp":1568306464.072975,"caller":"blog/server.go:136","message":"[Update] update blog","blog":"id:4 status:PUBLISH comments:<author:\"anvh2\" content:\"Greate\" > commentStr:\"[{\\\"author\\\":\\\"anvh2\\\",\\\"content\\\":\\\"Greate\\\"}]\" tags:\"Tech\" tagStr:\"[\\\"Tech\\\"]\" images:\"/app/demo.png\" imagesStr:\"[\\\"/app/demo.png\\\"]\" "}
{"level":"info","timestamp":1568306475.712257,"caller":"sqlite/blog.go:112","message":"create item","item":"comments:<author:\"anvh2\" content:\"Greate\" > tags:\"Tech\" images:\"/app/demo.png\" "}
{"level":"info","timestamp":1568306475.7123914,"caller":"blog/server.go:90","message":"[Create] create blog","blog":"id:5 comments:<author:\"anvh2\" content:\"Greate\" > commentStr:\"[{\\\"author\\\":\\\"anvh2\\\",\\\"content\\\":\\\"Greate\\\"}]\" tags:\"Tech\" tagStr:\"[\\\"Tech\\\"]\" images:\"/app/demo.png\" imagesStr:\"[\\\"/app/demo.png\\\"]\" "}
{"level":"info","timestamp":1568306475.7142968,"caller":"sqlite/blog.go:127","message":"get item","item":"id:5 commentStr:\"[{\\\"author\\\":\\\"anvh2\\\",\\\"content\\\":\\\"Greate\\\"}]\" tagStr:\"[\\\"Tech\\\"]\" imagesStr:\"[\\\"/app/demo.png\\\"]\" "}
{"level":"info","timestamp":1568306475.714377,"caller":"blog/server.go:117","message":"[Get] get blog","blog":"id:5 comments:<author:\"anvh2\" content:\"Greate\" > commentStr:\"[{\\\"author\\\":\\\"anvh2\\\",\\\"content\\\":\\\"Greate\\\"}]\" tags:\"Tech\" tagStr:\"[\\\"Tech\\\"]\" images:\"/app/demo.png\" imagesStr:\"[\\\"/app/demo.png\\\"]\" "}
{"level":"info","timestamp":1568306475.7162468,"caller":"sqlite/blog.go:127","message":"get item","item":"id:5 commentStr:\"[{\\\"author\\\":\\\"anvh2\\\",\\\"content\\\":\\\"Greate\\\"}]\" tagStr:\"[\\\"Tech\\\"]\" imagesStr:\"[\\\"/app/demo.png\\\"]\" "}
{"level":"info","timestamp":1568306475.7286422,"caller":"sqlite/blog.go:152","message":"delete item","id":5}
{"level":"info","timestamp":1568306475.7286987,"caller":"blog/server.go:162","message":"[Delete] delete blog","id":5}
{"level":"info","timestamp":1568306475.7453322,"caller":"sqlite/blog.go:134","message":"update item","item":"status:PUBLISH comments:<author:\"anvh2\" content:\"Greate\" > tags:\"Tech\" images:\"/app/demo.png\" "}
{"level":"info","timestamp":1568306475.745446,"caller":"blog/server.go:136","message":"[Update] update blog","blog":"id:6 status:PUBLISH comments:<author:\"anvh2\" content:\"Greate\" > commentStr:\"[{\\\"author\\\":\\\"anvh2\\\",\\\"content\\\":\\\"Greate\\\"}]\" tags:\"Tech\" tagStr:\"[\\\"Tech\\\"]\" images:\"/app/demo.png\" imagesStr:\"[\\\"/app/demo.png\\\"]\" "}
{"level":"info","timestamp":1568306504.2065208,"caller":"sqlite/blog.go:112","message":"create item","item":"comments:<author:\"anvh2\" content:\"Greate\" > tags:\"Tech\" images:\"/app/demo.png\" "}
{"level":"info","timestamp":1568306504.2066445,"caller":"blog/server.go:90","message":"[Create] create blog","blog":"id:7 comments:<author:\"anvh2\" content:\"Greate\" > commentStr:\"[{\\\"author\\\":\\\"anvh2\\\",\\\"content\\\":\\\"Greate\\\"}]\" tags:\"Tech\" tagStr:\"[\\\"Tech\\\"]\" images:\"/app/demo.png\" imagesStr:\"[\\\"/app/demo.png\\\"]\" "}
{"level":"info","timestamp":1568306504.2105427,"caller":"sqlite/blog.go:127","message":"get item","item":"id:7 commentStr:\"[{\\\"author\\\":\\\"anvh2\\\",\\\"content\\\":\\\"Greate\\\"}]\" tagStr:\"[\\\"Tech\\\"]\" imagesStr:\"[\\\"/app/demo.png\\\"]\" "}
{"level":"info","timestamp":1568306504.2106078,"caller":"blog/server.go:117","message":"[Get] get blog","blog":"id:7 comments:<author:\"anvh2\" content:\"Greate\" > commentStr:\"[{\\\"author\\\":\\\"anvh2\\\",\\\"content\\\":\\\"Greate\\\"}]\" tags:\"Tech\" tagStr:\"[\\\"Tech\\\"]\" images:\"/app/demo.png\" imagesStr:\"[\\\"/app/demo.png\\\"]\" "}
{"level":"info","timestamp":1568306504.2115655,"caller":"sqlite/blog.go:127","message":"get item","item":"id:7 commentStr:\"[{\\\"author\\\":\\\"anvh2\\\",\\\"content\\\":\\\"Greate\\\"}]\" tagStr:\"[\\\"Tech\\\"]\" imagesStr:\"[\\\"/app/demo.png\\\"]\" "}
{"level":"info","timestamp":1568306504.224827,"caller":"sqlite/blog.go:152","message":"delete item","id":7}
{"level":"info","timestamp":1568306504.2249088,"caller":"blog/server.go:162","message":"[Delete] delete blog","id":7}
{"level":"info","timestamp":1568306504.2413182,"caller":"sqlite/blog.go:134","message":"update item","item":"id:7 status:PUBLISH comments:<author:\"anvh2\" content:\"Greate\" > commentStr:\"[{\\\"author\\\":\\\"anvh2\\\",\\\"content\\\":\\\"Greate\\\"}]\" tags:\"Tech\" tagStr:\"[\\\"Tech\\\"]\" images:\"/app/demo.png\" imagesStr:\"[\\\"/app/demo.png\\\"]\" "}
{"level":"info","timestamp":1568306504.2414265,"caller":"blog/server.go:136","message":"[Update] update blog","blog":"id:7 status:PUBLISH comments:<author:\"anvh2\" content:\"Greate\" > commentStr:\"[{\\\"author\\\":\\\"anvh2\\\",\\\"content\\\":\\\"Greate\\\"}]\" tags:\"Tech\" tagStr:\"[\\\"Tech\\\"]\" images:\"/app/demo.png\" imagesStr:\"[\\\"/app/demo.png\\\"]\" "}
{"level":"info","timestamp":1568306586.4448755,"caller":"sqlite/blog.go:112","message":"create item","item":"comments:<author:\"anvh2\" content:\"Greate\" > tags:\"Tech\" images:\"/app/demo.png\" "}
{"level":"info","timestamp":1568306586.4450388,"caller":"blog/server.go:90","message":"[Create] create blog","blog":"id:8 comments:<author:\"anvh2\" content:\"Greate\" > commentStr:\"[{\\\"author\\\":\\\"anvh2\\\",\\\"content\\\":\\\"Greate\\\"}]\" tags:\"Tech\" tagStr:\"[\\\"Tech\\\"]\" images:\"/app/demo.png\" imagesStr:\"[\\\"/app/demo.png\\\"]\" "}
{"level":"info","timestamp":1568306586.4472992,"caller":"sqlite/blog.go:127","message":"get item","item":"id:8 commentStr:\"[{\\\"author\\\":\\\"anvh2\\\",\\\"content\\\":\\\"Greate\\\"}]\" tagStr:\"[\\\"Tech\\\"]\" imagesStr:\"[\\\"/app/demo.png\\\"]\" "}
{"level":"info","timestamp":1568306586.447355,"caller":"blog/server.go:117","message":"[Get] get blog","blog":"id:8 comments:<author:\"anvh2\" content:\"Greate\" > commentStr:\"[{\\\"author\\\":\\\"anvh2\\\",\\\"content\\\":\\\"Greate\\\"}]\" tags:\"Tech\" tagStr:\"[\\\"Tech\\\"]\" images:\"/app/demo.png\" imagesStr:\"[\\\"/app/demo.png\\\"]\" "}
{"level":"info","timestamp":1568306586.4483416,"caller":"sqlite/blog.go:127","message":"get item","item":"id:8 commentStr:\"[{\\\"author\\\":\\\"anvh2\\\",\\\"content\\\":\\\"Greate\\\"}]\" tagStr:\"[\\\"Tech\\\"]\" imagesStr:\"[\\\"/app/demo.png\\\"]\" "}
{"level":"info","timestamp":1568306586.463788,"caller":"sqlite/blog.go:152","message":"delete item","id":8}
{"level":"info","timestamp":1568306586.463845,"caller":"blog/server.go:162","message":"[Delete] delete blog","id":8}
{"level":"info","timestamp":1568306586.4826605,"caller":"sqlite/blog.go:134","message":"update item","item":"id:8 status:PUBLISH comments:<author:\"anvh2\" content:\"Greate\" > commentStr:\"[{\\\"author\\\":\\\"anvh2\\\",\\\"content\\\":\\\"Greate\\\"}]\" tags:\"Tech\" tagStr:\"[\\\"Tech\\\"]\" images:\"/app/demo.png\" imagesStr:\"[\\\"/app/demo.png\\\"]\" "}
{"level":"info","timestamp":1568306586.4828298,"caller":"blog/server.go:136","message":"[Update] update blog","blog":"id:8 status:PUBLISH comments:<author:\"anvh2\" content:\"Greate\" > commentStr:\"[{\\\"author\\\":\\\"anvh2\\\",\\\"content\\\":\\\"Greate\\\"}]\" tags:\"Tech\" tagStr:\"[\\\"Tech\\\"]\" images:\"/app/demo.png\" imagesStr:\"[\\\"/app/demo.png\\\"]\" "}
{"level":"info","timestamp":1568306947.9929776,"caller":"sqlite/blog.go:112","message":"create item","item":"comments:<author:\"anvh2\" content:\"Greate\" > tags:\"Tech\" images:\"/app/demo.png\" "}
{"level":"info","timestamp":1568306947.9931555,"caller":"blog/server.go:90","message":"[Create] create blog","blog":"id:9 comments:<author:\"anvh2\" content:\"Greate\" > commentStr:\"[{\\\"author\\\":\\\"anvh2\\\",\\\"content\\\":\\\"Greate\\\"}]\" tags:\"Tech\" tagStr:\"[\\\"Tech\\\"]\" images:\"/app/demo.png\" imagesStr:\"[\\\"/app/demo.png\\\"]\" "}
{"level":"info","timestamp":1568306947.9949362,"caller":"sqlite/blog.go:127","message":"get item","item":"id:9 commentStr:\"[{\\\"author\\\":\\\"anvh2\\\",\\\"content\\\":\\\"Greate\\\"}]\" tagStr:\"[\\\"Tech\\\"]\" imagesStr:\"[\\\"/app/demo.png\\\"]\" "}
{"level":"info","timestamp":1568306947.9950504,"caller":"blog/server.go:117","message":"[Get] get blog","blog":"id:9 comments:<author:\"anvh2\" content:\"Greate\" > commentStr:\"[{\\\"author\\\":\\\"anvh2\\\",\\\"content\\\":\\\"Greate\\\"}]\" tags:\"Tech\" tagStr:\"[\\\"Tech\\\"]\" images:\"/app/demo.png\" imagesStr:\"[\\\"/app/demo.png\\\"]\" "}
{"level":"info","timestamp":1568306947.9961739,"caller":"sqlite/blog.go:127","message":"get item","item":"id:9 commentStr:\"[{\\\"author\\\":\\\"anvh2\\\",\\\"content\\\":\\\"Greate\\\"}]\" tagStr:\"[\\\"Tech\\\"]\" imagesStr:\"[\\\"/app/demo.png\\\"]\" "}
{"level":"info","timestamp":1568306948.014413,"caller":"sqlite/blog.go:152","message":"delete item","id":9}
{"level":"info","timestamp":1568306948.0144672,"caller":"blog/server.go:162","message":"[Delete] delete blog","id":9}
{"level":"info","timestamp":1568306948.0260081,"caller":"sqlite/blog.go:134","message":"update item","item":"id:9 status:PUBLISH comments:<author:\"anvh2\" content:\"Greate\" > commentStr:\"[{\\\"author\\\":\\\"anvh2\\\",\\\"content\\\":\\\"Greate\\\"}]\" tags:\"Tech\" tagStr:\"[\\\"Tech\\\"]\" images:\"/app/demo.png\" imagesStr:\"[\\\"/app/demo.png\\\"]\" "}
{"level":"info","timestamp":1568306948.0261042,"caller":"blog/server.go:136","message":"[Update] update blog","blog":"id:9 status:PUBLISH comments:<author:\"anvh2\" content:\"Greate\" > commentStr:\"[{\\\"author\\\":\\\"anvh2\\\",\\\"content\\\":\\\"Greate\\\"}]\" tags:\"Tech\" tagStr:\"[\\\"Tech\\\"]\" images:\"/app/demo.png\" imagesStr:\"[\\\"/app/demo.png\\\"]\" "}
{"level":"info","timestamp":1568306961.3261673,"caller":"sqlite/blog.go:112","message":"create item","item":"comments:<author:\"anvh2\" content:\"Greate\" > tags:\"Tech\" images:\"/app/demo.png\" "}
{"level":"info","timestamp":1568306961.3262663,"caller":"blog/server.go:90","message":"[Create] create blog","blog":"id:10 comments:<author:\"anvh2\" content:\"Greate\" > commentStr:\"[{\\\"author\\\":\\\"anvh2\\\",\\\"content\\\":\\\"Greate\\\"}]\" tags:\"Tech\" tagStr:\"[\\\"Tech\\\"]\" images:\"/app/demo.png\" imagesStr:\"[\\\"/app/demo.png\\\"]\" "}
{"level":"info","timestamp":1568306961.3278277,"caller":"sqlite/blog.go:127","message":"get item","item":"id:10 commentStr:\"[{\\\"author\\\":\\\"anvh2\\\",\\\"content\\\":\\\"Greate\\\"}]\" tagStr:\"[\\\"Tech\\\"]\" imagesStr:\"[\\\"/app/demo.png\\\"]\" "}
{"level":"info","timestamp":1568306961.3278816,"caller":"blog/server.go:117","message":"[Get] get blog","blog":"id:10 comments:<author:\"anvh2\" content:\"Greate\" > commentStr:\"[{\\\"author\\\":\\\"anvh2\\\",\\\"content\\\":\\\"Greate\\\"}]\" tags:\"Tech\" tagStr:\"[\\\"Tech\\\"]\" images:\"/app/demo.png\" imagesStr:\"[\\\"/app/demo.png\\\"]\" "}
{"level":"info","timestamp":1568306961.328772,"caller":"sqlite/blog.go:127","message":"get item","item":"id:10 commentStr:\"[{\\\"author\\\":\\\"anvh2\\\",\\\"content\\\":\\\"Greate\\\"}]\" tagStr:\"[\\\"Tech\\\"]\" imagesStr:\"[\\\"/app/demo.png\\\"]\" "}
{"level":"info","timestamp":1568306961.343143,"caller":"sqlite/blog.go:152","message":"delete item","id":10}
{"level":"info","timestamp":1568306961.3431923,"caller":"blog/server.go:162","message":"[Delete] delete blog","id":10}
{"level":"info","timestamp":1568306961.35924,"caller":"sqlite/blog.go:134","message":"update item","item":"id:10 status:PUBLISH comments:<author:\"anvh2\" content:\"Greate\" > commentStr:\"[{\\\"author\\\":\\\"anvh2\\\",\\\"content\\\":\\\"Greate\\\"}]\" tags:\"Tech\" tagStr:\"[\\\"Tech\\\"]\" images:\"/app/demo.png\" imagesStr:\"[\\\"/app/demo.png\\\"]\" "}
{"level":"info","timestamp":1568306961.3593585,"caller":"blog/server.go:136","message":"[Update] update blog","blog":"id:10 status:PUBLISH comments:<author:\"anvh2\" content:\"Greate\" > commentStr:\"[{\\\"author\\\":\\\"anvh2\\\",\\\"content\\\":\\\"Greate\\\"}]\" tags:\"Tech\" tagStr:\"[\\\"Tech\\\"]\" images:\"/app/demo.png\" imagesStr:\"[\\\"/app/demo.png\\\"]\" "}
{"level":"info","timestamp":1568307058.3479369,"caller":"sqlite/blog.go:112","message":"create item","item":"comments:<author:\"anvh2\" content:\"Greate\" > tags:\"Tech\" images:\"/app/demo.png\" "}
{"level":"info","timestamp":1568307058.3480945,"caller":"blog/server.go:90","message":"[Create] create blog","blog":"id:11 comments:<author:\"anvh2\" content:\"Greate\" > commentStr:\"[{\\\"author\\\":\\\"anvh2\\\",\\\"content\\\":\\\"Greate\\\"}]\" tags:\"Tech\" tagStr:\"[\\\"Tech\\\"]\" images:\"/app/demo.png\" imagesStr:\"[\\\"/app/demo.png\\\"]\" "}
{"level":"info","timestamp":1568307058.3500805,"caller":"sqlite/blog.go:127","message":"get item","item":"id:11 commentStr:\"[{\\\"author\\\":\\\"anvh2\\\",\\\"content\\\":\\\"Greate\\\"}]\" tagStr:\"[\\\"Tech\\\"]\" imagesStr:\"[\\\"/app/demo.png\\\"]\" "}
{"level":"info","timestamp":1568307058.3501663,"caller":"blog/server.go:117","message":"[Get] get blog","blog":"id:11 comments:<author:\"anvh2\" content:\"Greate\" > commentStr:\"[{\\\"author\\\":\\\"anvh2\\\",\\\"content\\\":\\\"Greate\\\"}]\" tags:\"Tech\" tagStr:\"[\\\"Tech\\\"]\" images:\"/app/demo.png\" imagesStr:\"[\\\"/app/demo.png\\\"]\" "}
{"level":"info","timestamp":1568307058.35131,"caller":"sqlite/blog.go:127","message":"get item","item":"id:11 commentStr:\"[{\\\"author\\\":\\\"anvh2\\\",\\\"content\\\":\\\"Greate\\\"}]\" tagStr:\"[\\\"Tech\\\"]\" imagesStr:\"[\\\"/app/demo.png\\\"]\" "}
{"level":"info","timestamp":1568307058.3676941,"caller":"sqlite/blog.go:152","message":"delete item","id":11}
{"level":"info","timestamp":1568307058.367762,"caller":"blog/server.go:162","message":"[Delete] delete blog","id":11}
{"level":"info","timestamp":1568307058.3840733,"caller":"sqlite/blog.go:134","message":"update item","item":"id:11 status:PUBLISH comments:<author:\"anvh2\" content:\"Greate\" > commentStr:\"[{\\\"author\\\":\\\"anvh2\\\",\\\"content\\\":\\\"Greate\\\"}]\" tags:\"Tech\" tagStr:\"[\\\"Tech\\\"]\" images:\"/app/demo.png\" imagesStr:\"[\\\"/app/demo.png\\\"]\" "}
{"level":"info","timestamp":1568307058.3841772,"caller":"blog/server.go:136","message":"[Update] update blog","blog":"id:11 status:PUBLISH comments:<author:\"anvh2\" content:\"Greate\" > commentStr:\"[{\\\"author\\\":\\\"anvh2\\\",\\\"content\\\":\\\"Greate\\\"}]\" tags:\"Tech\" tagStr:\"[\\\"Tech\\\"]\" images:\"/app/demo.png\" imagesStr:\"[\\\"/app/demo.png\\\"]\" "}
{"level":"info","timestamp":1568406070.088651,"caller":"sqlite/blog.go:127","message":"create item","item":"comments:<author:\"anvh2\" content:\"Greate\" > tags:\"Tech\" images:\"/app/demo.png\" "}
{"level":"info","timestamp":1568406070.0959487,"caller":"blog/server.go:90","message":"[Create] create blog","blog":"id:12 comments:<author:\"anvh2\" content:\"Greate\" > commentStr:\"[{\\\"author\\\":\\\"anvh2\\\",\\\"content\\\":\\\"Greate\\\"}]\" tags:\"Tech\" tagStr:\"[\\\"Tech\\\"]\" images:\"/app/demo.png\" imagesStr:\"[\\\"/app/demo.png\\\"]\" "}
{"level":"info","timestamp":1568406070.0983877,"caller":"sqlite/blog.go:142","message":"get item","item":"id:12 commentStr:\"[{\\\"author\\\":\\\"anvh2\\\",\\\"content\\\":\\\"Greate\\\"}]\" tagStr:\"[\\\"Tech\\\"]\" imagesStr:\"[\\\"/app/demo.png\\\"]\" "}
{"level":"info","timestamp":1568406070.0984857,"caller":"blog/server.go:117","message":"[Get] get blog","blog":"id:12 comments:<author:\"anvh2\" content:\"Greate\" > commentStr:\"[{\\\"author\\\":\\\"anvh2\\\",\\\"content\\\":\\\"Greate\\\"}]\" tags:\"Tech\" tagStr:\"[\\\"Tech\\\"]\" images:\"/app/demo.png\" imagesStr:\"[\\\"/app/demo.png\\\"]\" "}
{"level":"info","timestamp":1568406070.0995092,"caller":"sqlite/blog.go:142","message":"get item","item":"id:12 commentStr:\"[{\\\"author\\\":\\\"anvh2\\\",\\\"content\\\":\\\"Greate\\\"}]\" tagStr:\"[\\\"Tech\\\"]\" imagesStr:\"[\\\"/app/demo.png\\\"]\" "}
{"level":"info","timestamp":1568406070.1121228,"caller":"sqlite/blog.go:167","message":"delete item","id":12}
{"level":"info","timestamp":1568406070.1121862,"caller":"blog/server.go:162","message":"[Delete] delete blog","id":12}
{"level":"info","timestamp":1568406070.130702,"caller":"sqlite/blog.go:149","message":"update item","item":"id:12 status:PUBLISH comments:<author:\"anvh2\" content:\"Greate\" > commentStr:\"[{\\\"author\\\":\\\"anvh2\\\",\\\"content\\\":\\\"Greate\\\"}]\" tags:\"Tech\" tagStr:\"[\\\"Tech\\\"]\" images:\"/app/demo.png\" imagesStr:\"[\\\"/app/demo.png\\\"]\" "}
{"level":"info","timestamp":1568406070.1308155,"caller":"blog/server.go:136","message":"[Update] update blog","blog":"id:12 status:PUBLISH comments:<author:\"anvh2\" content:\"Greate\" > commentStr:\"[{\\\"author\\\":\\\"anvh2\\\",\\\"content\\\":\\\"Greate\\\"}]\" tags:\"Tech\" tagStr:\"[\\\"Tech\\\"]\" images:\"/app/demo.png\" imagesStr:\"[\\\"/app/demo.png\\\"]\" "}
{"level":"info","timestamp":1568406612.6129656,"caller":"sqlite/blog.go:127","message":"create item","item":"comments:<author:\"anvh2\" content:\"Greate\" > tags:\"Tech\" images:\"/app/demo.png\" "}
{"level":"info","timestamp":1568406612.613137,"caller":"blog/server.go:90","message":"[Create] create blog","blog":"id:13 comments:<author:\"anvh2\" content:\"Greate\" > commentStr:\"[{\\\"author\\\":\\\"anvh2\\\",\\\"content\\\":\\\"Greate\\\"}]\" tags:\"Tech\" tagStr:\"[\\\"Tech\\\"]\" images:\"/app/demo.png\" imagesStr:\"[\\\"/app/demo.png\\\"]\" "}
{"level":"info","timestamp":1568406612.6151974,"caller":"sqlite/blog.go:142","message":"get item","item":"id:13 commentStr:\"[{\\\"author\\\":\\\"anvh2\\\",\\\"content\\\":\\\"Greate\\\"}]\" tagStr:\"[\\\"Tech\\\"]\" imagesStr:\"[\\\"/app/demo.png\\\"]\" "}
{"level":"info","timestamp":1568406612.6152847,"caller":"blog/server.go:117","message":"[Get] get blog","blog":"id:13 comments:<author:\"anvh2\" content:\"Greate\" > commentStr:\"[{\\\"author\\\":\\\"anvh2\\\",\\\"content\\\":\\\"Greate\\\"}]\" tags:\"Tech\" tagStr:\"[\\\"Tech\\\"]\" images:\"/app/demo.png\" imagesStr:\"[\\\"/app/demo.png\\\"]\" "}
{"level":"info","timestamp":1568406612.616552,"caller":"sqlite/blog.go:142","message":"get item","item":"id:13 commentStr:\"[{\\\"author\\\":\\\"anvh2\\\",\\\"content\\\":\\\"Greate\\\"}]\" tagStr:\"[\\\"Tech\\\"]\" imagesStr:\"[\\\"/app/demo.png\\\"]\" "}
{"level":"info","timestamp":1568406612.6295135,"caller":"sqlite/blog.go:167","message":"delete item","id":13}
{"level":"info","timestamp":1568406612.629571,"caller":"blog/server.go:162","message":"[Delete] delete blog","id":13}
{"level":"info","timestamp":1568406612.6460662,"caller":"sqlite/blog.go:149","message":"update item","item":"id:13 status:PUBLISH comments:<author:\"anvh2\" content:\"Greate\" > commentStr:\"[{\\\"author\\\":\\\"anvh2\\\",\\\"content\\\":\\\"Greate\\\"}]\" tags:\"Tech\" tagStr:\"[\\\"Tech\\\"]\" images:\"/app/demo.png\" imagesStr:\"[\\\"/app/demo.png\\\"]\" "}
{"level":"info","timestamp":1568406612.64618,"caller":"blog/server.go:136","message":"[Update] update blog","blog":"id:13 status:PUBLISH comments:<author:\"anvh2\" content:\"Greate\" > commentStr:\"[{\\\"author\\\":\\\"anvh2\\\",\\\"content\\\":\\\"Greate\\\"}]\" tags:\"Tech\" tagStr:\"[\\\"Tech\\\"]\" images:\"/app/demo.png\" imagesStr:\"[\\\"/app/demo.png\\\"]\" "}
{"level":"info","timestamp":1568406628.4035177,"caller":"sqlite/blog.go:127","message":"create item","item":"comments:<author:\"anvh2\" content:\"Greate\" > tags:\"Tech\" images:\"/app/demo.png\" "}
{"level":"info","timestamp":1568406628.4036236,"caller":"blog/server.go:90","message":"[Create] create blog","blog":"id:14 comments:<author:\"anvh2\" content:\"Greate\" > commentStr:\"[{\\\"author\\\":\\\"anvh2\\\",\\\"content\\\":\\\"Greate\\\"}]\" tags:\"Tech\" tagStr:\"[\\\"Tech\\\"]\" images:\"/app/demo.png\" imagesStr:\"[\\\"/app/demo.png\\\"]\" "}
{"level":"info","timestamp":1568406628.4054556,"caller":"sqlite/blog.go:142","message":"get item","item":"id:14 commentStr:\"[{\\\"author\\\":\\\"anvh2\\\",\\\"content\\\":\\\"Greate\\\"}]\" tagStr:\"[\\\"Tech\\\"]\" imagesStr:\"[\\\"/app/demo.png\\\"]\" "}
{"level":"info","timestamp":1568406628.4055119,"caller":"blog/server.go:117","message":"[Get] get blog","blog":"id:14 comments:<author:\"anvh2\" content:\"Greate\" > commentStr:\"[{\\\"author\\\":\\\"anvh2\\\",\\\"content\\\":\\\"Greate\\\"}]\" tags:\"Tech\" tagStr:\"[\\\"Tech\\\"]\" images:\"/app/demo.png\" imagesStr:\"[\\\"/app/demo.png\\\"]\" "}
{"level":"info","timestamp":1568406628.4065354,"caller":"sqlite/blog.go:142","message":"get item","item":"id:14 commentStr:\"[{\\\"author\\\":\\\"anvh2\\\",\\\"content\\\":\\\"Greate\\\"}]\" tagStr:\"[\\\"Tech\\\"]\" imagesStr:\"[\\\"/app/demo.png\\\"]\" "}
{"level":"info","timestamp":1568406628.4220097,"caller":"sqlite/blog.go:167","message":"delete item","id":14}
{"level":"info","timestamp":1568406628.4220755,"caller":"blog/server.go:162","message":"[Delete] delete blog","id":14}
{"level":"info","timestamp":1568406628.4340823,"caller":"sqlite/blog.go:149","message":"update item","item":"id:14 status:PUBLISH comments:<author:\"anvh2\" content:\"Greate\" > commentStr:\"[{\\\"author\\\":\\\"anvh2\\\",\\\"content\\\":\\\"Greate\\\"}]\" tags:\"Tech\" tagStr:\"[\\\"Tech\\\"]\" images:\"/app/demo.png\" imagesStr:\"[\\\"/app/demo.png\\\"]\" "}
{"level":"info","timestamp":1568406628.4341834,"caller":"blog/server.go:136","message":"[Update] update blog","blog":"id:14 status:PUBLISH comments:<author:\"anvh2\" content:\"Greate\" > commentStr:\"[{\\\"author\\\":\\\"anvh2\\\",\\\"content\\\":\\\"Greate\\\"}]\" tags:\"Tech\" tagStr:\"[\\\"Tech\\\"]\" images:\"/app/demo.png\" imagesStr:\"[\\\"/app/demo.png\\\"]\" "}
